<?xml version="1.0" encoding="UTF-8"?>
<!-- Generated by org.testng.reporters.JUnitXMLReporter -->
<testsuite hostname="FaisalKhatri" ignored="0" name="Surefire test" tests="1" failures="1" timestamp="30 Mar 2019 15:19:39 GMT" time="0.093" errors="0">
  <testcase name="loginValidationTests" time="0.016" classname="com.guru99.bankproject.websitetests.LoginTests">
    <failure type="java.lang.NullPointerException">
      <![CDATA[java.lang.NullPointerException
at com.guru99.bankproject.pages.LoginPage.loginWebsite(LoginPage.java:69)
at com.guru99.bankproject.websitetests.LoginTests.loginValidationTests(LoginTests.java:22)
... Removed 30 stack frames]]>
    </failure>
  </testcase> <!-- loginValidationTests -->
</testsuite> <!-- Surefire test -->
