<?xml version="1.0" encoding="UTF-8"?>
<!-- Generated by org.testng.reporters.JUnitXMLReporter -->
<testsuite hostname="FaisalKhatri" ignored="0" name="Default test" tests="3" failures="0" timestamp="13 Apr 2019 10:04:05 GMT" time="45.635" errors="0">
  <testcase name="loginValidationTests" time="6.211" classname="com.guru99.bankproject.websitetests.Guru99Tests"/>
  <testcase name="addnewCustomerTest" time="11.887" classname="com.guru99.bankproject.websitetests.Guru99Tests"/>
  <testcase name="addNewAccount" time="8.583" classname="com.guru99.bankproject.websitetests.Guru99Tests"/>
</testsuite> <!-- Default test -->
