<?xml version="1.0" encoding="UTF-8"?>
<!-- Generated by org.testng.reporters.JUnitXMLReporter -->
<testsuite hostname="FaisalKhatri" ignored="0" name="Test" tests="3" failures="0" timestamp="13 Apr 2019 13:41:01 GMT" time="39.933" errors="0">
  <testcase name="loginValidationTests" time="8.916" classname="com.guru99.bankproject.websitetests.Guru99Tests"/>
  <testcase name="addnewCustomerTest" time="9.589" classname="com.guru99.bankproject.websitetests.Guru99Tests"/>
  <testcase name="addNewAccount" time="8.038" classname="com.guru99.bankproject.websitetests.Guru99Tests"/>
</testsuite> <!-- Test -->
