<?xml version="1.0" encoding="UTF-8"?>
<testsuite xmlns:xsi="http://www.w3.org/2001/XMLSchema-instance" xsi:noNamespaceSchemaLocation="https://maven.apache.org/surefire/maven-surefire-plugin/xsd/surefire-test-report.xsd" name="com.guru99.bankproject.websitetests.LoginTests" time="1.203" tests="1" errors="0" skipped="0" failures="1">
  <properties>
[...]
</properties>
  <testcase name="loginValidationTests" classname="com.guru99.bankproject.websitetests.LoginTests" time="0.031">
    <failure type="java.lang.NullPointerException">java.lang.NullPointerException
	at com.guru99.bankproject.websitetests.LoginTests.loginValidationTests(LoginTests.java:22)
</failure>
  </testcase>
</testsuite>